14:54:22.773 INFO  - Processing command line option -hwspec \\my.files.iastate.edu\users\burneykb\Documents\cpre488mp2\system\SDK\SDK_Export\hw\system.xml. 
14:55:56.621 INFO  - Saving repository preferences. 
14:55:56.641 INFO  - Reading in cores from local repositories: 
		 \\my.files.iastate.edu\Users\burneykb\Documents\cpre488mp2\repository\ProcessorIPLib 
14:55:56.701 INFO  - Updating libgen.options on all BSP projects. 
14:55:56.701 INFO  - Cleaning BSP projects in the workspace. 
15:51:41.356 INFO  - Processing command line option -hwspec \\my.files.iastate.edu\users\burneykb\Documents\cpre488mp2\system\SDK\SDK_Export\hw\system.xml. 
15:51:42.569 INFO  - The hardware specification for project 'system_hw_platform' is different from \\my.files.iastate.edu\users\burneykb\Documents\cpre488mp2\system\SDK\SDK_Export\hw\system.xml. 
15:51:43.580 INFO  - Copied contents of \\my.files.iastate.edu\users\burneykb\Documents\cpre488mp2\system\SDK\SDK_Export\hw\system.xml into \system_hw_platform\system.xml. 
15:51:44.310 INFO  - Copied contents of \\my.files.iastate.edu\users\burneykb\Documents\cpre488mp2\system\SDK\SDK_Export\hw\system.bit into \system_hw_platform\system.bit. 
15:51:45.540 INFO  - Copied contents of \\my.files.iastate.edu\users\burneykb\Documents\cpre488mp2\system\SDK\SDK_Export\hw\ps7_init.c into \system_hw_platform\ps7_init.c. 
15:51:45.820 INFO  - Copied contents of \\my.files.iastate.edu\users\burneykb\Documents\cpre488mp2\system\SDK\SDK_Export\hw\ps7_init.h into \system_hw_platform\ps7_init.h. 
15:51:46.070 INFO  - Copied contents of \\my.files.iastate.edu\users\burneykb\Documents\cpre488mp2\system\SDK\SDK_Export\hw\ps7_init.html into \system_hw_platform\ps7_init.html. 
15:51:46.350 INFO  - Copied contents of \\my.files.iastate.edu\users\burneykb\Documents\cpre488mp2\system\SDK\SDK_Export\hw\ps7_init.tcl into \system_hw_platform\ps7_init.tcl. 
15:51:46.700 INFO  - Synchronizing projects in the workspace with the hardware platform specification changes. 
15:51:47.604 INFO  - Restoring local repository preferences: 
		 \\my.files.iastate.edu\Users\burneykb\Documents\cpre488mp2\repository\ProcessorIPLib 
15:51:49.383 INFO  - Updating hardware inferred compiler options for camera_app. 
15:51:49.396 INFO  - Clearing existing target manager status. 
15:51:51.657 INFO  - Workspace synchronized with the new hardware specification file. Cleaning dependent projects... 
15:52:22.084 INFO  - Project system_bsp was a BSP project. Please update references. 
15:52:22.085 ERROR - SDK has detected that project system_bsp has been deleted (or renamed).
If this project was a BSP referenced by other C/C++ applications, then those applications will fail to build now. Please right click on those applications and click 'Change Referenced BSP' to update those projects' BSP references. 
15:54:52.954 INFO  - Saving repository preferences. 
15:54:53.584 INFO  - Saving repository preferences. 
16:15:51.225 INFO  - Saving repository preferences. 
16:42:58.596 ERROR - Unexpected error while parsing XMD response ?: com.google.gson.JsonSyntaxException: com.google.gson.stream.MalformedJsonException: invalid number or unquoted string near  
16:48:04.602 INFO  - FPGA configured successfully with bitstream "C:/temp/cpre488mp2/sw/system_hw_platform/system.bit" 
16:48:41.478 INFO  - Processor reset is completed for ps7_cortexa9_0 
16:48:41.578 INFO  - PS initialization will be done as it is not done before. 
16:48:41.581 INFO  - Running PS initialization.... 
16:48:42.029 INFO  - ps7_init is completed. 
16:48:42.139 INFO  - ps7_post_config is completed. 
16:48:42.239 INFO  - PS Initialization is complete. 
16:51:40.686 INFO  - Processor reset is completed for ps7_cortexa9_0 
16:52:46.651 INFO  - ps7_cortexa9_0 Processor is in use. Please stop existing Run or Debug sessions before launching. 
16:52:48.883 INFO  - Processor reset is completed for ps7_cortexa9_0 
16:54:50.803 INFO  - Processor reset is completed for ps7_cortexa9_0 
16:55:43.861 INFO  - ps7_cortexa9_0 Processor is in use. Please stop existing Run or Debug sessions before launching. 
16:55:46.169 INFO  - Processor reset is completed for ps7_cortexa9_0 
16:56:31.382 INFO  - ps7_cortexa9_0 Processor is in use. Please stop existing Run or Debug sessions before launching. 
16:56:33.397 INFO  - Processor reset is completed for ps7_cortexa9_0 
16:59:11.374 INFO  - Processor reset is completed for ps7_cortexa9_0 
16:59:29.343 INFO  - ps7_cortexa9_0 Processor is in use. Please stop existing Run or Debug sessions before launching. 
16:59:31.236 INFO  - Processor reset is completed for ps7_cortexa9_0 
17:00:13.155 INFO  - ps7_cortexa9_0 Processor is in use. Please stop existing Run or Debug sessions before launching. 
17:00:14.828 INFO  - Processor reset is completed for ps7_cortexa9_0 
17:00:31.276 INFO  - ps7_cortexa9_0 Processor is in use. Please stop existing Run or Debug sessions before launching. 
17:00:36.198 INFO  - Processor reset is completed for ps7_cortexa9_0 
17:00:52.693 INFO  - ps7_cortexa9_0 Processor is in use. Please stop existing Run or Debug sessions before launching. 
17:00:54.475 INFO  - Processor reset is completed for ps7_cortexa9_0 
17:01:36.557 INFO  - ps7_cortexa9_0 Processor is in use. Please stop existing Run or Debug sessions before launching. 
17:01:38.026 INFO  - Processor reset is completed for ps7_cortexa9_0 
17:02:31.965 INFO  - ps7_cortexa9_0 Processor is in use. Please stop existing Run or Debug sessions before launching. 
17:02:33.770 INFO  - Processor reset is completed for ps7_cortexa9_0 
17:03:09.545 INFO  - ps7_cortexa9_0 Processor is in use. Please stop existing Run or Debug sessions before launching. 
17:03:13.140 INFO  - Processor reset is completed for ps7_cortexa9_0 
17:03:38.489 INFO  - ps7_cortexa9_0 Processor is in use. Please stop existing Run or Debug sessions before launching. 
17:03:40.284 INFO  - Processor reset is completed for ps7_cortexa9_0 
17:04:52.660 INFO  - ps7_cortexa9_0 Processor is in use. Please stop existing Run or Debug sessions before launching. 
17:04:54.870 INFO  - Processor reset is completed for ps7_cortexa9_0 
17:06:38.217 INFO  - Processor reset is completed for ps7_cortexa9_0 
17:06:52.310 INFO  - ps7_cortexa9_0 Processor is in use. Please stop existing Run or Debug sessions before launching. 
17:06:53.907 INFO  - Processor reset is completed for ps7_cortexa9_0 
17:07:10.310 INFO  - ps7_cortexa9_0 Processor is in use. Please stop existing Run or Debug sessions before launching. 
17:07:13.237 INFO  - Processor reset is completed for ps7_cortexa9_0 
17:07:24.866 INFO  - ps7_cortexa9_0 Processor is in use. Please stop existing Run or Debug sessions before launching. 
17:07:26.689 INFO  - Processor reset is completed for ps7_cortexa9_0 
18:08:57.426 ERROR - Unexpected error while parsing XMD response ?: com.google.gson.JsonSyntaxException: com.google.gson.stream.MalformedJsonException: invalid number or unquoted string near  
18:38:04.094 INFO  - Processing command line option -hwspec C:\temp\cpre488mp2\system\SDK\SDK_Export\hw\system.xml. 
18:38:04.854 INFO  - The hardware specification for project 'system_hw_platform' is different from C:\temp\cpre488mp2\system\SDK\SDK_Export\hw\system.xml. 
18:38:05.134 INFO  - Copied contents of C:\temp\cpre488mp2\system\SDK\SDK_Export\hw\system.xml into \system_hw_platform\system.xml. 
18:38:05.144 INFO  - Copied contents of C:\temp\cpre488mp2\system\SDK\SDK_Export\hw\system.bit into \system_hw_platform\system.bit. 
18:38:05.154 INFO  - Copied contents of C:\temp\cpre488mp2\system\SDK\SDK_Export\hw\ps7_init.c into \system_hw_platform\ps7_init.c. 
18:38:05.164 INFO  - Copied contents of C:\temp\cpre488mp2\system\SDK\SDK_Export\hw\ps7_init.h into \system_hw_platform\ps7_init.h. 
18:38:05.174 INFO  - Copied contents of C:\temp\cpre488mp2\system\SDK\SDK_Export\hw\ps7_init.html into \system_hw_platform\ps7_init.html. 
18:38:05.184 INFO  - Copied contents of C:\temp\cpre488mp2\system\SDK\SDK_Export\hw\ps7_init.tcl into \system_hw_platform\ps7_init.tcl. 
18:38:05.344 INFO  - Synchronizing projects in the workspace with the hardware platform specification changes. 
18:38:06.304 INFO  - Restoring local repository preferences: 
		 \\my.files.iastate.edu\Users\burneykb\Documents\cpre488mp2\repository\ProcessorIPLib 
18:38:07.224 INFO  - Updating hardware inferred compiler options for camera_app. 
18:38:07.224 INFO  - Clearing existing target manager status. 
18:38:08.894 INFO  - Workspace synchronized with the new hardware specification file. Cleaning dependent projects... 
18:39:02.151 INFO  - FPGA configured successfully with bitstream "C:/temp/cpre488mp2/sw/system_hw_platform/system.bit" 
18:42:08.832 ERROR - Unexpected error while parsing XMD response ?: com.google.gson.JsonSyntaxException: com.google.gson.stream.MalformedJsonException: invalid number or unquoted string near  
18:42:22.206 INFO  - Processing command line option -hwspec C:\temp\cpre488mp2\system\SDK\SDK_Export\hw\system.xml. 
18:42:35.908 INFO  - Settings changed on project system_bsp. Triggering a rebuild... 
18:42:36.568 INFO  - Refreshed build settings on project camera_app 
18:43:39.649 INFO  - Processor reset is completed for ps7_cortexa9_0 
18:43:39.749 INFO  - PS initialization will be done as it is not done before. 
18:43:39.749 INFO  - Running PS initialization.... 
18:43:40.206 INFO  - ps7_init is completed. 
18:43:40.316 INFO  - ps7_post_config is completed. 
18:43:40.416 INFO  - PS Initialization is complete. 
18:46:58.196 INFO  - Processor reset is completed for ps7_cortexa9_0 
18:48:16.004 INFO  - ps7_cortexa9_0 Processor is in use. Please stop existing Run or Debug sessions before launching. 
18:48:18.081 INFO  - Processor reset is completed for ps7_cortexa9_0 
18:49:45.587 INFO  - FPGA configured successfully with bitstream "C:/temp/cpre488mp2/sw/system_hw_platform/system.bit" 
18:49:57.166 INFO  - Processor reset is completed for ps7_cortexa9_0 
18:49:57.276 INFO  - PS initialization will be done as it is not done before. 
18:49:57.276 INFO  - Running PS initialization.... 
18:49:57.726 INFO  - ps7_init is completed. 
18:49:57.836 INFO  - ps7_post_config is completed. 
18:49:57.936 INFO  - PS Initialization is complete. 
18:51:03.761 INFO  - FPGA configured successfully with bitstream "C:/temp/cpre488mp2/sw/system_hw_platform/system.bit" 
18:51:09.629 INFO  - Processor reset is completed for ps7_cortexa9_0 
18:51:09.729 INFO  - PS initialization will be done as it is not done before. 
18:51:09.729 INFO  - Running PS initialization.... 
18:51:10.169 INFO  - ps7_init is completed. 
18:51:10.269 INFO  - ps7_post_config is completed. 
18:51:10.379 INFO  - PS Initialization is complete. 
18:54:35.150 INFO  - Processor reset is completed for ps7_cortexa9_0 
18:55:42.782 INFO  - ps7_cortexa9_0 Processor is in use. Please stop existing Run or Debug sessions before launching. 
18:55:44.672 INFO  - Processor reset is completed for ps7_cortexa9_0 
18:56:08.124 INFO  - ps7_cortexa9_0 Processor is in use. Please stop existing Run or Debug sessions before launching. 
18:56:11.392 INFO  - Processor reset is completed for ps7_cortexa9_0 
18:57:51.419 INFO  - Processor reset is completed for ps7_cortexa9_0 
18:59:47.679 ERROR - Unexpected error while parsing XMD response ?: com.google.gson.JsonSyntaxException: com.google.gson.stream.MalformedJsonException: invalid number or unquoted string near  
11:05:53.254 INFO  - Processing command line option -hwspec C:\temp\cpre488mp2\system\SDK\SDK_Export\hw\system.xml. 
11:07:06.617 INFO  - FPGA configured successfully with bitstream "C:/temp/cpre488mp2/sw/system_hw_platform/system.bit" 
11:07:32.580 ERROR - No such port: COM6 
11:07:32.960 INFO  - Processor reset is completed for ps7_cortexa9_0 
11:07:33.070 INFO  - PS initialization will be done as it is not done before. 
11:07:33.070 INFO  - Running PS initialization.... 
11:07:33.510 INFO  - ps7_init is completed. 
11:07:33.610 INFO  - ps7_post_config is completed. 
11:07:33.720 INFO  - PS Initialization is complete. 
11:08:16.862 INFO  - ps7_cortexa9_0 Processor is in use. Please stop existing Run or Debug sessions before launching. 
11:08:18.769 ERROR - No such port: COM6 
11:08:19.169 INFO  - Processor reset is completed for ps7_cortexa9_0 
11:08:44.459 INFO  - ps7_cortexa9_0 Processor is in use. Please stop existing Run or Debug sessions before launching. 
11:08:45.533 ERROR - No such port: COM6 
11:08:45.943 INFO  - Processor reset is completed for ps7_cortexa9_0 
11:09:51.474 INFO  - ps7_cortexa9_0 Processor is in use. Please stop existing Run or Debug sessions before launching. 
11:09:52.844 ERROR - No such port: COM6 
11:09:53.264 INFO  - Processor reset is completed for ps7_cortexa9_0 
11:10:49.063 ERROR - No such port: COM6 
11:10:49.473 INFO  - Processor reset is completed for ps7_cortexa9_0 
11:11:03.277 INFO  - ps7_cortexa9_0 Processor is in use. Please stop existing Run or Debug sessions before launching. 
11:11:04.537 ERROR - No such port: COM6 
11:11:04.947 INFO  - Processor reset is completed for ps7_cortexa9_0 
11:11:39.978 ERROR - No such port: COM6 
11:11:40.398 INFO  - Processor reset is completed for ps7_cortexa9_0 
12:08:34.643 ERROR - No such port: COM6 
12:08:35.063 INFO  - Processor reset is completed for ps7_cortexa9_0 
12:08:35.163 INFO  - PS initialization will be done as it is not done before. 
12:08:35.163 INFO  - Running PS initialization.... 
12:08:35.613 INFO  - ps7_init is completed. 
12:08:35.723 INFO  - ps7_post_config is completed. 
12:08:35.833 INFO  - PS Initialization is complete. 
12:08:38.842 ERROR - Unexpected error while launching program. java.lang.RuntimeException: Invalid Target ID
    Target '64' Does NOT exist in the Current System


	at com.xilinx.sdk.targetmanager.internal.TM.removeAllBreakpoints(Unknown Source)
	at com.xilinx.sdk.debug.core.internal.AppRunner.run(Unknown Source)

12:08:51.448 INFO  - FPGA configured successfully with bitstream "C:/temp/cpre488mp2/sw/system_hw_platform/system.bit" 
12:09:20.821 ERROR - No such port: COM6 
12:09:21.225 INFO  - Processor reset is completed for ps7_cortexa9_0 
12:09:50.313 ERROR - No such port: COM6 
12:09:50.733 INFO  - Processor reset is completed for ps7_cortexa9_0 
12:10:19.881 INFO  - ps7_cortexa9_0 Processor is in use. Please stop existing Run or Debug sessions before launching. 
12:10:21.893 ERROR - No such port: COM6 
12:10:22.303 INFO  - Processor reset is completed for ps7_cortexa9_0 
12:11:15.590 INFO  - ps7_cortexa9_0 Processor is in use. Please stop existing Run or Debug sessions before launching. 
12:11:17.622 ERROR - No such port: COM6 
12:11:18.052 INFO  - Processor reset is completed for ps7_cortexa9_0 
12:51:13.086 INFO  - ps7_cortexa9_0 Processor is in use. Please stop existing Run or Debug sessions before launching. 
12:51:15.951 ERROR - No such port: COM6 
12:51:16.261 INFO  - Processor reset is completed for ps7_cortexa9_0 
12:51:43.455 INFO  - ps7_cortexa9_0 Processor is in use. Please stop existing Run or Debug sessions before launching. 
12:51:45.686 ERROR - No such port: COM6 
12:51:46.096 INFO  - Processor reset is completed for ps7_cortexa9_0 
12:52:16.523 INFO  - ps7_cortexa9_0 Processor is in use. Please stop existing Run or Debug sessions before launching. 
12:52:17.892 ERROR - No such port: COM6 
12:52:18.302 INFO  - Processor reset is completed for ps7_cortexa9_0 
12:52:30.203 INFO  - ps7_cortexa9_0 Processor is in use. Please stop existing Run or Debug sessions before launching. 
12:52:31.472 ERROR - No such port: COM6 
12:52:31.892 INFO  - Processor reset is completed for ps7_cortexa9_0 
12:54:36.975 INFO  - ps7_cortexa9_0 Processor is in use. Please stop existing Run or Debug sessions before launching. 
12:54:38.271 ERROR - No such port: COM6 
12:54:38.673 INFO  - Processor reset is completed for ps7_cortexa9_0 
12:54:49.238 INFO  - ps7_cortexa9_0 Processor is in use. Please stop existing Run or Debug sessions before launching. 
12:54:52.858 ERROR - No such port: COM6 
12:54:53.248 INFO  - Processor reset is completed for ps7_cortexa9_0 
12:55:23.615 INFO  - ps7_cortexa9_0 Processor is in use. Please stop existing Run or Debug sessions before launching. 
12:55:24.850 ERROR - No such port: COM6 
12:55:25.230 INFO  - Processor reset is completed for ps7_cortexa9_0 
12:59:07.985 INFO  - ps7_cortexa9_0 Processor is in use. Please stop existing Run or Debug sessions before launching. 
12:59:09.370 ERROR - No such port: COM6 
12:59:09.670 INFO  - Processor reset is completed for ps7_cortexa9_0 
12:59:56.508 INFO  - ps7_cortexa9_0 Processor is in use. Please stop existing Run or Debug sessions before launching. 
12:59:57.798 ERROR - No such port: COM6 
12:59:58.208 INFO  - Processor reset is completed for ps7_cortexa9_0 
13:01:43.980 INFO  - ps7_cortexa9_0 Processor is in use. Please stop existing Run or Debug sessions before launching. 
13:01:45.199 ERROR - No such port: COM6 
13:01:45.599 INFO  - Processor reset is completed for ps7_cortexa9_0 
13:02:09.872 INFO  - ps7_cortexa9_0 Processor is in use. Please stop existing Run or Debug sessions before launching. 
13:02:11.561 ERROR - No such port: COM6 
13:02:11.971 INFO  - Processor reset is completed for ps7_cortexa9_0 
13:02:29.828 INFO  - ps7_cortexa9_0 Processor is in use. Please stop existing Run or Debug sessions before launching. 
13:02:31.103 ERROR - No such port: COM6 
13:02:31.514 INFO  - Processor reset is completed for ps7_cortexa9_0 
13:02:45.982 INFO  - ps7_cortexa9_0 Processor is in use. Please stop existing Run or Debug sessions before launching. 
13:02:47.285 ERROR - No such port: COM6 
13:02:47.625 INFO  - Processor reset is completed for ps7_cortexa9_0 
13:03:19.351 INFO  - ps7_cortexa9_0 Processor is in use. Please stop existing Run or Debug sessions before launching. 
13:03:20.407 ERROR - No such port: COM6 
13:03:20.817 INFO  - Processor reset is completed for ps7_cortexa9_0 
13:03:56.136 INFO  - ps7_cortexa9_0 Processor is in use. Please stop existing Run or Debug sessions before launching. 
13:03:57.599 ERROR - No such port: COM6 
13:03:57.999 INFO  - Processor reset is completed for ps7_cortexa9_0 
13:04:13.674 INFO  - ps7_cortexa9_0 Processor is in use. Please stop existing Run or Debug sessions before launching. 
13:04:15.915 ERROR - No such port: COM6 
13:04:16.314 INFO  - Processor reset is completed for ps7_cortexa9_0 
13:04:32.531 INFO  - ps7_cortexa9_0 Processor is in use. Please stop existing Run or Debug sessions before launching. 
13:04:34.125 INFO  - Processor reset is completed for ps7_cortexa9_0 
13:05:31.492 INFO  - ps7_cortexa9_0 Processor is in use. Please stop existing Run or Debug sessions before launching. 
13:05:33.368 INFO  - Processor reset is completed for ps7_cortexa9_0 
13:07:04.044 INFO  - ps7_cortexa9_0 Processor is in use. Please stop existing Run or Debug sessions before launching. 
13:07:05.844 INFO  - Processor reset is completed for ps7_cortexa9_0 
13:07:30.438 INFO  - ps7_cortexa9_0 Processor is in use. Please stop existing Run or Debug sessions before launching. 
13:07:32.666 INFO  - Processor reset is completed for ps7_cortexa9_0 
13:14:12.217 ERROR - Unexpected error while parsing XMD response ?: com.google.gson.JsonSyntaxException: com.google.gson.stream.MalformedJsonException: invalid number or unquoted string near  
11:14:27.410 INFO  - Processing command line option -hwspec C:\cpre488mp2\system\SDK\SDK_Export\hw\system.xml. 
11:16:12.936 INFO  - Restoring local repository preferences: 
		 \\my.files.iastate.edu\Users\burneykb\Documents\cpre488mp2\repository\ProcessorIPLib 
11:16:23.021 ERROR - Unable to read in MSS file C:\cpre488mp2\sw\system_bsp\system.mss. 
11:16:28.952 ERROR - Unable to read in MSS file C:\cpre488mp2\sw\system_bsp\system.mss. 
11:16:28.972 ERROR - Unable to read in MSS file C:\cpre488mp2\sw\system_bsp\system.mss. 
11:16:29.082 WARN  - Unable to determine location of documentation for OS . 
11:16:29.092 ERROR - Unable to read in MSS file C:\cpre488mp2\sw\system_bsp\system.mss. 
11:16:29.122 ERROR - Unable to read in MSS file C:\cpre488mp2\sw\system_bsp\system.mss. 
11:16:30.633 ERROR - Unable to read in MSS file C:\cpre488mp2\sw\system_bsp\system.mss. 
11:16:48.791 ERROR - Unable to read in MSS file C:\cpre488mp2\sw\system_bsp\system.mss. 
11:20:58.916 INFO  - Saving repository preferences. 
11:20:58.926 INFO  - Reading in cores from local repositories: 
		 C:\cpre488mp2\repository\ProcessorIPLib
		 \\my.files.iastate.edu\Users\burneykb\Documents\cpre488mp2\repository\ProcessorIPLib 
11:20:58.936 INFO  - Updating libgen.options on all BSP projects. 
11:20:58.946 INFO  - Cleaning BSP projects in the workspace. 
11:21:01.195 INFO  - Saving repository preferences. 
11:22:40.622 INFO  - FPGA configured successfully with bitstream "C:/cpre488mp2/sw/system_hw_platform/system.bit" 
11:24:02.356 ERROR - No such port: COM13 
11:24:02.715 INFO  - Processor reset is completed for ps7_cortexa9_0 
11:24:02.825 INFO  - PS initialization will be done as it is not done before. 
11:24:02.825 INFO  - Running PS initialization.... 
11:24:03.275 INFO  - ps7_init is completed. 
11:24:03.376 INFO  - ps7_post_config is completed. 
11:24:03.376 INFO  - PS Initialization is complete. 
11:24:28.331 INFO  - ps7_cortexa9_0 Processor is in use. Please stop existing Run or Debug sessions before launching. 
11:24:29.959 ERROR - No such port: COM13 
11:24:30.323 INFO  - Processor reset is completed for ps7_cortexa9_0 
11:25:28.569 INFO  - ps7_cortexa9_0 Processor is in use. Please stop existing Run or Debug sessions before launching. 
11:25:30.469 INFO  - Processor reset is completed for ps7_cortexa9_0 
11:26:07.866 INFO  - Processor reset is completed for ps7_cortexa9_0 
11:26:41.209 INFO  - ps7_cortexa9_0 Processor is in use. Please stop existing Run or Debug sessions before launching. 
11:26:43.204 INFO  - Processor reset is completed for ps7_cortexa9_0 
11:28:18.307 INFO  - ps7_cortexa9_0 Processor is in use. Please stop existing Run or Debug sessions before launching. 
11:28:20.381 INFO  - Processor reset is completed for ps7_cortexa9_0 
11:28:41.120 INFO  - ps7_cortexa9_0 Processor is in use. Please stop existing Run or Debug sessions before launching. 
11:28:42.897 INFO  - Processor reset is completed for ps7_cortexa9_0 
11:29:24.572 INFO  - ps7_cortexa9_0 Processor is in use. Please stop existing Run or Debug sessions before launching. 
11:29:26.455 INFO  - Processor reset is completed for ps7_cortexa9_0 
11:33:12.222 INFO  - ps7_cortexa9_0 Processor is in use. Please stop existing Run or Debug sessions before launching. 
11:33:14.109 INFO  - Processor reset is completed for ps7_cortexa9_0 
11:35:56.463 INFO  - ps7_cortexa9_0 Processor is in use. Please stop existing Run or Debug sessions before launching. 
11:35:58.652 INFO  - Processor reset is completed for ps7_cortexa9_0 
11:36:37.665 INFO  - Processor reset is completed for ps7_cortexa9_0 
11:36:52.441 INFO  - Processor reset is completed for ps7_cortexa9_0 
11:46:15.824 INFO  - Processor reset is completed for ps7_cortexa9_0 
11:54:32.607 INFO  - ps7_cortexa9_0 Processor is in use. Please stop existing Run or Debug sessions before launching. 
11:54:34.498 INFO  - Processor reset is completed for ps7_cortexa9_0 
11:55:10.101 INFO  - Processor reset is completed for ps7_cortexa9_0 
11:56:11.588 INFO  - Processor reset is completed for ps7_cortexa9_0 
11:57:12.621 INFO  - ps7_cortexa9_0 Processor is in use. Please stop existing Run or Debug sessions before launching. 
11:57:14.625 INFO  - Processor reset is completed for ps7_cortexa9_0 
11:57:21.584 INFO  - ps7_cortexa9_0 Processor is in use. Please stop existing Run or Debug sessions before launching. 
11:57:23.372 INFO  - Processor reset is completed for ps7_cortexa9_0 
11:57:32.569 INFO  - Processor reset is completed for ps7_cortexa9_0 
11:58:14.521 INFO  - ps7_cortexa9_0 Processor is in use. Please stop existing Run or Debug sessions before launching. 
11:58:16.365 INFO  - Processor reset is completed for ps7_cortexa9_0 
12:02:28.407 INFO  - Processor reset is completed for ps7_cortexa9_0 
12:03:23.918 INFO  - ps7_cortexa9_0 Processor is in use. Please stop existing Run or Debug sessions before launching. 
12:03:25.600 INFO  - Processor reset is completed for ps7_cortexa9_0 
12:04:07.642 INFO  - ps7_cortexa9_0 Processor is in use. Please stop existing Run or Debug sessions before launching. 
12:04:09.534 INFO  - Processor reset is completed for ps7_cortexa9_0 
12:04:32.857 INFO  - ps7_cortexa9_0 Processor is in use. Please stop existing Run or Debug sessions before launching. 
12:04:39.685 INFO  - Processor reset is completed for ps7_cortexa9_0 
12:05:00.634 INFO  - Processor reset is completed for ps7_cortexa9_0 
12:05:31.260 INFO  - ps7_cortexa9_0 Processor is in use. Please stop existing Run or Debug sessions before launching. 
12:05:33.072 INFO  - Processor reset is completed for ps7_cortexa9_0 
12:06:13.352 INFO  - ps7_cortexa9_0 Processor is in use. Please stop existing Run or Debug sessions before launching. 
12:06:14.934 INFO  - Processor reset is completed for ps7_cortexa9_0 
12:06:44.095 INFO  - Processor reset is completed for ps7_cortexa9_0 
12:08:33.192 INFO  - Processor reset is completed for ps7_cortexa9_0 
12:09:33.869 INFO  - ps7_cortexa9_0 Processor is in use. Please stop existing Run or Debug sessions before launching. 
12:09:47.774 INFO  - ps7_cortexa9_0 Processor is in use. Please stop existing Run or Debug sessions before launching. 
12:09:49.459 INFO  - Processor reset is completed for ps7_cortexa9_0 
12:11:17.542 INFO  - ps7_cortexa9_0 Processor is in use. Please stop existing Run or Debug sessions before launching. 
12:11:19.872 INFO  - Processor reset is completed for ps7_cortexa9_0 
12:12:10.122 INFO  - ps7_cortexa9_0 Processor is in use. Please stop existing Run or Debug sessions before launching. 
12:12:11.594 INFO  - Processor reset is completed for ps7_cortexa9_0 
12:12:45.825 INFO  - ps7_cortexa9_0 Processor is in use. Please stop existing Run or Debug sessions before launching. 
12:12:48.231 INFO  - Processor reset is completed for ps7_cortexa9_0 
12:13:20.348 INFO  - ps7_cortexa9_0 Processor is in use. Please stop existing Run or Debug sessions before launching. 
12:13:22.720 INFO  - Processor reset is completed for ps7_cortexa9_0 
12:13:57.985 INFO  - ps7_cortexa9_0 Processor is in use. Please stop existing Run or Debug sessions before launching. 
12:13:59.966 INFO  - Processor reset is completed for ps7_cortexa9_0 
12:14:42.039 INFO  - ps7_cortexa9_0 Processor is in use. Please stop existing Run or Debug sessions before launching. 
12:14:43.752 INFO  - Processor reset is completed for ps7_cortexa9_0 
12:16:19.721 INFO  - ps7_cortexa9_0 Processor is in use. Please stop existing Run or Debug sessions before launching. 
12:16:21.546 INFO  - Processor reset is completed for ps7_cortexa9_0 
12:19:27.882 INFO  - ps7_cortexa9_0 Processor is in use. Please stop existing Run or Debug sessions before launching. 
12:19:29.669 INFO  - Processor reset is completed for ps7_cortexa9_0 
12:19:41.160 INFO  - ps7_cortexa9_0 Processor is in use. Please stop existing Run or Debug sessions before launching. 
12:19:44.014 INFO  - Processor reset is completed for ps7_cortexa9_0 
12:19:54.919 INFO  - ps7_cortexa9_0 Processor is in use. Please stop existing Run or Debug sessions before launching. 
12:19:57.555 INFO  - Processor reset is completed for ps7_cortexa9_0 
12:20:21.478 INFO  - Processor reset is completed for ps7_cortexa9_0 
12:20:49.073 INFO  - ps7_cortexa9_0 Processor is in use. Please stop existing Run or Debug sessions before launching. 
12:20:51.318 INFO  - Processor reset is completed for ps7_cortexa9_0 
12:21:03.479 INFO  - ps7_cortexa9_0 Processor is in use. Please stop existing Run or Debug sessions before launching. 
12:21:04.942 INFO  - Processor reset is completed for ps7_cortexa9_0 
12:22:24.501 INFO  - ps7_cortexa9_0 Processor is in use. Please stop existing Run or Debug sessions before launching. 
12:22:26.275 INFO  - Processor reset is completed for ps7_cortexa9_0 
12:23:44.127 INFO  - ps7_cortexa9_0 Processor is in use. Please stop existing Run or Debug sessions before launching. 
12:23:45.723 INFO  - Processor reset is completed for ps7_cortexa9_0 
12:26:40.760 INFO  - ps7_cortexa9_0 Processor is in use. Please stop existing Run or Debug sessions before launching. 
12:26:42.476 INFO  - Processor reset is completed for ps7_cortexa9_0 
12:28:48.272 INFO  - ps7_cortexa9_0 Processor is in use. Please stop existing Run or Debug sessions before launching. 
12:28:50.044 INFO  - Processor reset is completed for ps7_cortexa9_0 
12:30:19.532 INFO  - ps7_cortexa9_0 Processor is in use. Please stop existing Run or Debug sessions before launching. 
12:30:21.552 INFO  - Processor reset is completed for ps7_cortexa9_0 
12:42:41.015 INFO  - Processor reset is completed for ps7_cortexa9_0 
12:43:33.902 INFO  - Processor reset is completed for ps7_cortexa9_0 
12:44:19.646 INFO  - ps7_cortexa9_0 Processor is in use. Please stop existing Run or Debug sessions before launching. 
12:44:21.557 INFO  - Processor reset is completed for ps7_cortexa9_0 
12:45:11.994 INFO  - ps7_cortexa9_0 Processor is in use. Please stop existing Run or Debug sessions before launching. 
12:45:14.412 INFO  - Processor reset is completed for ps7_cortexa9_0 
12:48:44.861 INFO  - ps7_cortexa9_0 Processor is in use. Please stop existing Run or Debug sessions before launching. 
12:48:48.381 INFO  - Processor reset is completed for ps7_cortexa9_0 
12:49:02.264 INFO  - ps7_cortexa9_0 Processor is in use. Please stop existing Run or Debug sessions before launching. 
12:49:03.850 INFO  - Processor reset is completed for ps7_cortexa9_0 
12:50:41.859 INFO  - ps7_cortexa9_0 Processor is in use. Please stop existing Run or Debug sessions before launching. 
12:50:44.405 INFO  - Processor reset is completed for ps7_cortexa9_0 
12:51:28.807 INFO  - ps7_cortexa9_0 Processor is in use. Please stop existing Run or Debug sessions before launching. 
12:51:30.679 INFO  - Processor reset is completed for ps7_cortexa9_0 
12:58:46.759 INFO  - ps7_cortexa9_0 Processor is in use. Please stop existing Run or Debug sessions before launching. 
12:58:51.745 INFO  - Processor reset is completed for ps7_cortexa9_0 
12:59:17.263 INFO  - ps7_cortexa9_0 Processor is in use. Please stop existing Run or Debug sessions before launching. 
12:59:22.558 INFO  - ps7_cortexa9_0 Processor is in use. Please stop existing Run or Debug sessions before launching. 
12:59:24.116 INFO  - Processor reset is completed for ps7_cortexa9_0 
12:59:48.292 INFO  - ps7_cortexa9_0 Processor is in use. Please stop existing Run or Debug sessions before launching. 
12:59:50.078 INFO  - Processor reset is completed for ps7_cortexa9_0 
13:01:45.190 INFO  - ps7_cortexa9_0 Processor is in use. Please stop existing Run or Debug sessions before launching. 
13:01:47.085 INFO  - Processor reset is completed for ps7_cortexa9_0 
13:02:07.431 INFO  - ps7_cortexa9_0 Processor is in use. Please stop existing Run or Debug sessions before launching. 
13:02:09.524 INFO  - Processor reset is completed for ps7_cortexa9_0 
13:02:33.291 INFO  - ps7_cortexa9_0 Processor is in use. Please stop existing Run or Debug sessions before launching. 
13:02:36.511 INFO  - Processor reset is completed for ps7_cortexa9_0 
13:03:37.212 INFO  - ps7_cortexa9_0 Processor is in use. Please stop existing Run or Debug sessions before launching. 
13:03:39.266 INFO  - Processor reset is completed for ps7_cortexa9_0 
13:05:30.091 INFO  - ps7_cortexa9_0 Processor is in use. Please stop existing Run or Debug sessions before launching. 
13:05:31.893 INFO  - Processor reset is completed for ps7_cortexa9_0 
13:06:24.977 INFO  - ps7_cortexa9_0 Processor is in use. Please stop existing Run or Debug sessions before launching. 
13:06:26.775 INFO  - Processor reset is completed for ps7_cortexa9_0 
13:06:51.259 INFO  - ps7_cortexa9_0 Processor is in use. Please stop existing Run or Debug sessions before launching. 
13:06:53.147 INFO  - Processor reset is completed for ps7_cortexa9_0 
13:12:12.196 INFO  - ps7_cortexa9_0 Processor is in use. Please stop existing Run or Debug sessions before launching. 
13:12:15.166 INFO  - Processor reset is completed for ps7_cortexa9_0 
13:15:19.688 INFO  - Processor reset is completed for ps7_cortexa9_0 
13:27:43.487 ERROR - Unable to disconnect from existing targets java.lang.NullPointerException
	at com.xilinx.sdk.targetmanager.internal.json.XMDJSONProcess.issueCommand(Unknown Source)
	at com.xilinx.sdk.targetmanager.internal.TM.disconnectTarget(Unknown Source)

13:27:43.507 ERROR - Unexpected error while fetching XMD's response:  java.net.SocketException: Connection reset
	at java.net.SocketInputStream.read(Unknown Source)
	at sun.nio.cs.StreamDecoder.readBytes(Unknown Source)

13:27:43.519 ERROR - Zero sized response read from XMD. This indicates a communication error or a programming error. 
14:01:46.548 INFO  - Processing command line option -hwspec C:\temp\cpre488mp2\system\SDK\SDK_Export\hw\system.xml. 
14:01:47.558 INFO  - The hardware specification for project 'system_hw_platform' is different from C:\temp\cpre488mp2\system\SDK\SDK_Export\hw\system.xml. 
14:01:47.998 INFO  - Copied contents of C:\temp\cpre488mp2\system\SDK\SDK_Export\hw\system.xml into \system_hw_platform\system.xml. 
14:01:48.008 INFO  - Copied contents of C:\temp\cpre488mp2\system\SDK\SDK_Export\hw\system.bit into \system_hw_platform\system.bit. 
14:01:48.028 INFO  - Copied contents of C:\temp\cpre488mp2\system\SDK\SDK_Export\hw\ps7_init.c into \system_hw_platform\ps7_init.c. 
14:01:48.028 INFO  - Copied contents of C:\temp\cpre488mp2\system\SDK\SDK_Export\hw\ps7_init.h into \system_hw_platform\ps7_init.h. 
14:01:48.058 INFO  - Copied contents of C:\temp\cpre488mp2\system\SDK\SDK_Export\hw\ps7_init.html into \system_hw_platform\ps7_init.html. 
14:01:48.078 INFO  - Copied contents of C:\temp\cpre488mp2\system\SDK\SDK_Export\hw\ps7_init.tcl into \system_hw_platform\ps7_init.tcl. 
14:01:48.268 INFO  - Synchronizing projects in the workspace with the hardware platform specification changes. 
14:01:50.368 INFO  - Restoring local repository preferences: 
		 C:\cpre488mp2\repository\ProcessorIPLib
		 \\my.files.iastate.edu\Users\burneykb\Documents\cpre488mp2\repository\ProcessorIPLib 
14:02:17.225 INFO  - Processing command line option -hwspec C:\temp\cpre488mp2\system\SDK\SDK_Export\hw\system.xml. 
14:02:53.918 ERROR - Unexpected error while reading linker script. org.eclipse.core.internal.resources.ResourceException: Resource is out of sync with the file system: '/camera_app/src/lscript.ld'.
	at org.eclipse.core.internal.localstore.FileSystemResourceManager.read(FileSystemResourceManager.java:793)
	at org.eclipse.core.internal.resources.File.getContents(File.java:289)

14:06:08.157 INFO  - FPGA configured successfully with bitstream "C:/temp/cpre488mp2/sw/system_hw_platform/system.bit" 
14:06:52.687 INFO  - Processor reset is completed for ps7_cortexa9_0 
14:06:52.797 INFO  - PS initialization will be done as it is not done before. 
14:06:52.797 INFO  - Running PS initialization.... 
14:06:53.247 INFO  - ps7_init is completed. 
14:06:53.347 INFO  - ps7_post_config is completed. 
14:06:53.457 INFO  - PS Initialization is complete. 
14:08:20.627 INFO  - Processor reset is completed for ps7_cortexa9_0 
14:09:05.573 INFO  - ps7_cortexa9_0 Processor is in use. Please stop existing Run or Debug sessions before launching. 
14:09:07.361 INFO  - Processor reset is completed for ps7_cortexa9_0 
14:10:00.062 INFO  - ps7_cortexa9_0 Processor is in use. Please stop existing Run or Debug sessions before launching. 
14:10:02.489 INFO  - Processor reset is completed for ps7_cortexa9_0 
14:10:40.832 INFO  - ps7_cortexa9_0 Processor is in use. Please stop existing Run or Debug sessions before launching. 
14:10:42.625 INFO  - Processor reset is completed for ps7_cortexa9_0 
14:10:59.778 INFO  - ps7_cortexa9_0 Processor is in use. Please stop existing Run or Debug sessions before launching. 
14:11:01.833 INFO  - Processor reset is completed for ps7_cortexa9_0 
14:11:46.149 INFO  - ps7_cortexa9_0 Processor is in use. Please stop existing Run or Debug sessions before launching. 
14:11:48.386 INFO  - Processor reset is completed for ps7_cortexa9_0 
14:12:17.953 INFO  - Processor reset is completed for ps7_cortexa9_0 
14:13:10.528 INFO  - Processor reset is completed for ps7_cortexa9_0 
14:13:54.757 INFO  - Processor reset is completed for ps7_cortexa9_0 
14:14:27.452 INFO  - ps7_cortexa9_0 Processor is in use. Please stop existing Run or Debug sessions before launching. 
14:14:30.075 INFO  - Processor reset is completed for ps7_cortexa9_0 
14:15:15.371 INFO  - Processor reset is completed for ps7_cortexa9_0 
14:16:40.251 INFO  - FPGA configured successfully with bitstream "C:/temp/cpre488mp2/sw/system_hw_platform/system.bit" 
14:17:12.778 INFO  - Processor reset is completed for ps7_cortexa9_0 
14:17:12.878 INFO  - PS initialization will be done as it is not done before. 
14:17:12.878 INFO  - Running PS initialization.... 
14:17:13.328 INFO  - ps7_init is completed. 
14:17:13.428 INFO  - ps7_post_config is completed. 
14:17:13.538 INFO  - PS Initialization is complete. 
14:17:30.228 INFO  - ps7_cortexa9_0 Processor is in use. Please stop existing Run or Debug sessions before launching. 
14:17:32.015 INFO  - Processor reset is completed for ps7_cortexa9_0 
14:18:45.149 INFO  - ps7_cortexa9_0 Processor is in use. Please stop existing Run or Debug sessions before launching. 
14:18:46.727 ERROR - Unexpected error while launching program. java.lang.NullPointerException
	at com.xilinx.sdk.targetmanager.internal.TM.terminateCurrentLaunch(Unknown Source)
	at com.xilinx.sdk.debug.core.XilinxAppLaunchConfigurationDelegate.runApplication(Unknown Source)

14:19:03.418 INFO  - Processor reset is completed for ps7_cortexa9_0 
14:21:09.857 INFO  - ps7_cortexa9_0 Processor is in use. Please stop existing Run or Debug sessions before launching. 
14:21:11.855 INFO  - Processor reset is completed for ps7_cortexa9_0 
14:21:38.653 INFO  - ps7_cortexa9_0 Processor is in use. Please stop existing Run or Debug sessions before launching. 
14:21:40.666 INFO  - Processor reset is completed for ps7_cortexa9_0 
14:22:08.587 INFO  - ps7_cortexa9_0 Processor is in use. Please stop existing Run or Debug sessions before launching. 
14:22:21.603 INFO  - ps7_cortexa9_0 Processor is in use. Please stop existing Run or Debug sessions before launching. 
14:22:23.263 INFO  - Processor reset is completed for ps7_cortexa9_0 
14:23:01.930 INFO  - ps7_cortexa9_0 Processor is in use. Please stop existing Run or Debug sessions before launching. 
14:23:03.728 INFO  - Processor reset is completed for ps7_cortexa9_0 
14:24:44.054 INFO  - ps7_cortexa9_0 Processor is in use. Please stop existing Run or Debug sessions before launching. 
14:24:45.747 INFO  - Processor reset is completed for ps7_cortexa9_0 
14:25:40.094 INFO  - ps7_cortexa9_0 Processor is in use. Please stop existing Run or Debug sessions before launching. 
14:25:42.099 INFO  - Processor reset is completed for ps7_cortexa9_0 
14:27:23.346 INFO  - ps7_cortexa9_0 Processor is in use. Please stop existing Run or Debug sessions before launching. 
14:27:25.181 INFO  - Processor reset is completed for ps7_cortexa9_0 
14:27:41.174 INFO  - ps7_cortexa9_0 Processor is in use. Please stop existing Run or Debug sessions before launching. 
14:27:42.864 INFO  - Processor reset is completed for ps7_cortexa9_0 
14:28:16.601 INFO  - ps7_cortexa9_0 Processor is in use. Please stop existing Run or Debug sessions before launching. 
14:28:18.299 INFO  - Processor reset is completed for ps7_cortexa9_0 
14:28:40.027 INFO  - ps7_cortexa9_0 Processor is in use. Please stop existing Run or Debug sessions before launching. 
14:28:41.742 INFO  - Processor reset is completed for ps7_cortexa9_0 
14:29:11.382 INFO  - ps7_cortexa9_0 Processor is in use. Please stop existing Run or Debug sessions before launching. 
14:29:13.056 INFO  - Processor reset is completed for ps7_cortexa9_0 
14:31:06.588 INFO  - ps7_cortexa9_0 Processor is in use. Please stop existing Run or Debug sessions before launching. 
14:31:08.175 INFO  - Processor reset is completed for ps7_cortexa9_0 
14:32:49.290 INFO  - ps7_cortexa9_0 Processor is in use. Please stop existing Run or Debug sessions before launching. 
14:32:52.119 INFO  - Processor reset is completed for ps7_cortexa9_0 
14:33:36.979 INFO  - ps7_cortexa9_0 Processor is in use. Please stop existing Run or Debug sessions before launching. 
14:33:38.793 INFO  - Processor reset is completed for ps7_cortexa9_0 
14:34:15.245 INFO  - ps7_cortexa9_0 Processor is in use. Please stop existing Run or Debug sessions before launching. 
14:34:18.300 INFO  - Processor reset is completed for ps7_cortexa9_0 
14:34:47.173 INFO  - ps7_cortexa9_0 Processor is in use. Please stop existing Run or Debug sessions before launching. 
14:34:48.752 INFO  - Processor reset is completed for ps7_cortexa9_0 
14:36:45.797 INFO  - ps7_cortexa9_0 Processor is in use. Please stop existing Run or Debug sessions before launching. 
14:36:47.566 INFO  - Processor reset is completed for ps7_cortexa9_0 
14:37:12.264 INFO  - ps7_cortexa9_0 Processor is in use. Please stop existing Run or Debug sessions before launching. 
14:37:13.963 INFO  - Processor reset is completed for ps7_cortexa9_0 
14:37:28.496 INFO  - ps7_cortexa9_0 Processor is in use. Please stop existing Run or Debug sessions before launching. 
14:37:30.085 INFO  - Processor reset is completed for ps7_cortexa9_0 
14:38:09.490 INFO  - ps7_cortexa9_0 Processor is in use. Please stop existing Run or Debug sessions before launching. 
14:38:11.396 INFO  - Processor reset is completed for ps7_cortexa9_0 
14:38:44.060 INFO  - ps7_cortexa9_0 Processor is in use. Please stop existing Run or Debug sessions before launching. 
14:38:45.640 INFO  - Processor reset is completed for ps7_cortexa9_0 
14:41:49.126 INFO  - Processor reset is completed for ps7_cortexa9_0 
14:43:01.756 INFO  - ps7_cortexa9_0 Processor is in use. Please stop existing Run or Debug sessions before launching. 
14:43:03.564 INFO  - Processor reset is completed for ps7_cortexa9_0 
14:44:39.728 INFO  - Processor reset is completed for ps7_cortexa9_0 
14:45:02.388 INFO  - Processor reset is completed for ps7_cortexa9_0 
14:45:55.694 INFO  - Processor reset is completed for ps7_cortexa9_0 
14:47:16.447 INFO  - Processor reset is completed for ps7_cortexa9_0 
14:48:14.363 INFO  - ps7_cortexa9_0 Processor is in use. Please stop existing Run or Debug sessions before launching. 
14:48:16.578 INFO  - Processor reset is completed for ps7_cortexa9_0 
14:49:54.421 INFO  - ps7_cortexa9_0 Processor is in use. Please stop existing Run or Debug sessions before launching. 
14:50:03.346 INFO  - Processor reset is completed for ps7_cortexa9_0 
14:52:21.521 INFO  - ps7_cortexa9_0 Processor is in use. Please stop existing Run or Debug sessions before launching. 
14:52:24.405 INFO  - Processor reset is completed for ps7_cortexa9_0 
14:52:40.145 INFO  - ps7_cortexa9_0 Processor is in use. Please stop existing Run or Debug sessions before launching. 
14:52:41.969 INFO  - Processor reset is completed for ps7_cortexa9_0 
14:54:23.273 INFO  - ps7_cortexa9_0 Processor is in use. Please stop existing Run or Debug sessions before launching. 
14:54:25.169 INFO  - Processor reset is completed for ps7_cortexa9_0 
14:55:39.490 INFO  - ps7_cortexa9_0 Processor is in use. Please stop existing Run or Debug sessions before launching. 
14:55:43.552 INFO  - Processor reset is completed for ps7_cortexa9_0 
14:56:18.050 INFO  - ps7_cortexa9_0 Processor is in use. Please stop existing Run or Debug sessions before launching. 
14:56:20.814 INFO  - Processor reset is completed for ps7_cortexa9_0 
14:59:45.155 INFO  - ps7_cortexa9_0 Processor is in use. Please stop existing Run or Debug sessions before launching. 
14:59:47.067 INFO  - Processor reset is completed for ps7_cortexa9_0 
15:00:45.843 INFO  - ps7_cortexa9_0 Processor is in use. Please stop existing Run or Debug sessions before launching. 
15:00:57.704 INFO  - Processor reset is completed for ps7_cortexa9_0 
15:01:19.035 INFO  - ps7_cortexa9_0 Processor is in use. Please stop existing Run or Debug sessions before launching. 
15:01:20.962 INFO  - Processor reset is completed for ps7_cortexa9_0 
15:01:36.510 INFO  - ps7_cortexa9_0 Processor is in use. Please stop existing Run or Debug sessions before launching. 
15:01:38.523 INFO  - Processor reset is completed for ps7_cortexa9_0 
15:02:00.792 INFO  - ps7_cortexa9_0 Processor is in use. Please stop existing Run or Debug sessions before launching. 
15:02:03.237 INFO  - Processor reset is completed for ps7_cortexa9_0 
15:03:23.586 INFO  - ps7_cortexa9_0 Processor is in use. Please stop existing Run or Debug sessions before launching. 
15:03:28.066 INFO  - Processor reset is completed for ps7_cortexa9_0 
15:03:52.604 INFO  - ps7_cortexa9_0 Processor is in use. Please stop existing Run or Debug sessions before launching. 
15:03:54.168 INFO  - Processor reset is completed for ps7_cortexa9_0 
15:04:07.234 INFO  - ps7_cortexa9_0 Processor is in use. Please stop existing Run or Debug sessions before launching. 
15:04:09.041 INFO  - Processor reset is completed for ps7_cortexa9_0 
15:04:22.424 INFO  - ps7_cortexa9_0 Processor is in use. Please stop existing Run or Debug sessions before launching. 
15:04:24.309 INFO  - Processor reset is completed for ps7_cortexa9_0 
15:05:57.384 INFO  - ps7_cortexa9_0 Processor is in use. Please stop existing Run or Debug sessions before launching. 
15:05:58.879 INFO  - Processor reset is completed for ps7_cortexa9_0 
15:06:25.557 INFO  - ps7_cortexa9_0 Processor is in use. Please stop existing Run or Debug sessions before launching. 
15:06:27.451 INFO  - Processor reset is completed for ps7_cortexa9_0 
15:08:48.515 INFO  - ps7_cortexa9_0 Processor is in use. Please stop existing Run or Debug sessions before launching. 
15:08:50.087 INFO  - Processor reset is completed for ps7_cortexa9_0 
15:09:12.498 INFO  - ps7_cortexa9_0 Processor is in use. Please stop existing Run or Debug sessions before launching. 
15:09:13.895 INFO  - Processor reset is completed for ps7_cortexa9_0 
15:09:25.649 INFO  - ps7_cortexa9_0 Processor is in use. Please stop existing Run or Debug sessions before launching. 
15:09:47.053 INFO  - Processor reset is completed for ps7_cortexa9_0 
15:10:04.657 INFO  - ps7_cortexa9_0 Processor is in use. Please stop existing Run or Debug sessions before launching. 
15:10:06.451 INFO  - Processor reset is completed for ps7_cortexa9_0 
15:10:19.743 INFO  - ps7_cortexa9_0 Processor is in use. Please stop existing Run or Debug sessions before launching. 
15:10:24.814 INFO  - Processor reset is completed for ps7_cortexa9_0 
15:10:41.554 INFO  - ps7_cortexa9_0 Processor is in use. Please stop existing Run or Debug sessions before launching. 
15:10:42.796 INFO  - Processor reset is completed for ps7_cortexa9_0 
15:10:57.873 INFO  - ps7_cortexa9_0 Processor is in use. Please stop existing Run or Debug sessions before launching. 
15:10:59.980 INFO  - Processor reset is completed for ps7_cortexa9_0 
15:11:13.473 INFO  - ps7_cortexa9_0 Processor is in use. Please stop existing Run or Debug sessions before launching. 
15:11:14.934 INFO  - Processor reset is completed for ps7_cortexa9_0 
15:11:27.474 INFO  - ps7_cortexa9_0 Processor is in use. Please stop existing Run or Debug sessions before launching. 
15:11:28.307 INFO  - Processor reset is completed for ps7_cortexa9_0 
15:11:40.203 INFO  - ps7_cortexa9_0 Processor is in use. Please stop existing Run or Debug sessions before launching. 
15:11:41.898 INFO  - Processor reset is completed for ps7_cortexa9_0 
15:12:00.066 INFO  - Processor reset is completed for ps7_cortexa9_0 
15:12:26.543 INFO  - ps7_cortexa9_0 Processor is in use. Please stop existing Run or Debug sessions before launching. 
15:12:30.440 INFO  - Processor reset is completed for ps7_cortexa9_0 
15:16:32.611 INFO  - ps7_cortexa9_0 Processor is in use. Please stop existing Run or Debug sessions before launching. 
15:16:34.316 INFO  - Processor reset is completed for ps7_cortexa9_0 
15:17:36.294 INFO  - ps7_cortexa9_0 Processor is in use. Please stop existing Run or Debug sessions before launching. 
15:17:38.509 INFO  - Processor reset is completed for ps7_cortexa9_0 
15:17:52.734 INFO  - ps7_cortexa9_0 Processor is in use. Please stop existing Run or Debug sessions before launching. 
15:17:54.240 INFO  - Processor reset is completed for ps7_cortexa9_0 
15:18:22.007 INFO  - ps7_cortexa9_0 Processor is in use. Please stop existing Run or Debug sessions before launching. 
15:18:24.113 INFO  - Processor reset is completed for ps7_cortexa9_0 
15:19:07.591 INFO  - ps7_cortexa9_0 Processor is in use. Please stop existing Run or Debug sessions before launching. 
15:19:09.610 INFO  - Processor reset is completed for ps7_cortexa9_0 
15:42:55.367 ERROR - Unable to disconnect from existing targets java.lang.NullPointerException
	at com.xilinx.sdk.targetmanager.internal.json.XMDJSONProcess.issueCommand(Unknown Source)
	at com.xilinx.sdk.targetmanager.internal.TM.disconnectTarget(Unknown Source)

15:42:55.372 ERROR - Unexpected error while parsing XMD response ?: com.google.gson.JsonSyntaxException: com.google.gson.stream.MalformedJsonException: invalid number or unquoted string near  
