14:01:48 **** Auto Build of project system_bsp ****
make -k all 
libgen -hw ../system_hw_platform/system.xml\
	       -lp C:/cpre488mp2/repository/ProcessorIPLib -lp //my.files.iastate.edu/Users/burneykb/Documents/cpre488mp2/repository/ProcessorIPLib\
	       -pe ps7_cortexa9_0 \
	       -log libgen.log \
	       system.mss
libgen
Xilinx EDK 14.7 Build EDK_P.20131013
Copyright (c) 1995-2012 Xilinx, Inc.  All rights reserved.

Command Line: libgen -hw ../system_hw_platform/system.xml -lp
C:/cpre488mp2/repository/ProcessorIPLib -lp
//my.files.iastate.edu/Users/burneykb/Documents/cpre488mp2/repository/ProcessorI
PLib -pe ps7_cortexa9_0 -log libgen.log system.mss 

ERROR:EDK:3323 - C:\temp\cpre488mp2\sw\system_bsp\system.mss line 159 - Cannot
   find MDD file vtc_v2_1_0.mdd for the driver vtc 2.00.a
INFO:EDK:1040 - Directories Searched :
  - C:\temp\cpre488mp2\sw\system_bsp\drivers/vtc_v2_00_a/data
  - C:\temp\cpre488mp2\sw\system_bsp\pcores/vtc_v2_00_a/data
  - C:\cpre488mp2\repository\ProcessorIPLib\drivers/vtc_v2_00_a/data
  - C:\cpre488mp2\repository\ProcessorIPLib\pcores/vtc_v2_00_a/data
  -
\\my.files.iastate.edu\Users\burneykb\Documents\cpre488mp2\repository\ProcessorI
PLib\drivers/vtc_v2_00_a/data
  -
\\my.files.iastate.edu\Users\burneykb\Documents\cpre488mp2\repository\ProcessorI
PLib\pcores/vtc_v2_00_a/data
  - C:\Xilinx\14.7\ISE_DS\EDK\sw\lib\drivers/vtc_v2_00_a/data
  - C:\Xilinx\14.7\ISE_DS\EDK\sw\lib\pcores/vtc_v2_00_a/data
  - C:\Xilinx\14.7\ISE_DS\EDK\sw\XilinxProcessorIPLib\drivers/vtc_v2_00_a/data
  - C:\Xilinx\14.7\ISE_DS\EDK\sw\XilinxProcessorIPLib\pcores/vtc_v2_00_a/data
  - C:\Xilinx\14.7\ISE_DS\EDK\sw\ThirdParty\drivers/vtc_v2_00_a/data
  - C:\Xilinx\14.7\ISE_DS\EDK\sw\ThirdParty\pcores/vtc_v2_00_a/data
ERROR:EDK:3323 - C:\temp\cpre488mp2\sw\system_bsp\system.mss line 165 - Cannot
   find MDD file vtc_v2_1_0.mdd for the driver vtc 2.00.a
INFO:EDK:1040 - Directories Searched :
  - C:\temp\cpre488mp2\sw\system_bsp\drivers/vtc_v2_00_a/data
  - C:\temp\cpre488mp2\sw\system_bsp\pcores/vtc_v2_00_a/data
  - C:\cpre488mp2\repository\ProcessorIPLib\drivers/vtc_v2_00_a/data
  - C:\cpre488mp2\repository\ProcessorIPLib\pcores/vtc_v2_00_a/data
  -
\\my.files.iastate.edu\Users\burneykb\Documents\cpre488mp2\repository\ProcessorI
PLib\drivers/vtc_v2_00_a/data
  -
\\my.files.iastate.edu\Users\burneykb\Documents\cpre488mp2\repository\ProcessorI
PLib\pcores/vtc_v2_00_a/data
  - C:\Xilinx\14.7\ISE_DS\EDK\sw\lib\drivers/vtc_v2_00_a/data
  - C:\Xilinx\14.7\ISE_DS\EDK\sw\lib\pcores/vtc_v2_00_a/data
  - C:\Xilinx\14.7\ISE_DS\EDK\sw\XilinxProcessorIPLib\drivers/vtc_v2_00_a/data
  - C:\Xilinx\14.7\ISE_DS\EDK\sw\XilinxProcessorIPLib\pcores/vtc_v2_00_a/data
  - C:\Xilinx\14.7\ISE_DS\EDK\sw\ThirdParty\drivers/vtc_v2_00_a/data
  - C:\Xilinx\14.7\ISE_DS\EDK\sw\ThirdParty\pcores/vtc_v2_00_a/data
ERROR:EDK:3323 - C:\temp\cpre488mp2\sw\system_bsp\system.mss line 177 - Cannot
   find MDD file fmc_imageon_vita_receiver_v2_1_0.mdd for the driver
   fmc_imageon_vita_receiver 1.13.a
INFO:EDK:1040 - Directories Searched :
  -
C:\temp\cpre488mp2\sw\system_bsp\drivers/fmc_imageon_vita_receiver_v1_13_a/data
  -
C:\temp\cpre488mp2\sw\system_bsp\pcores/fmc_imageon_vita_receiver_v1_13_a/data
  -
C:\cpre488mp2\repository\ProcessorIPLib\drivers/fmc_imageon_vita_receiver_v1_13_
a/data
  -
C:\cpre488mp2\repository\ProcessorIPLib\pcores/fmc_imageon_vita_receiver_v1_13_a
/data
  -
\\my.files.iastate.edu\Users\burneykb\Documents\cpre488mp2\repository\ProcessorI
PLib\drivers/fmc_imageon_vita_receiver_v1_13_a/data
  -
\\my.files.iastate.edu\Users\burneykb\Documents\cpre488mp2\repository\ProcessorI
PLib\pcores/fmc_imageon_vita_receiver_v1_13_a/data
  -
C:\Xilinx\14.7\ISE_DS\EDK\sw\lib\drivers/fmc_imageon_vita_receiver_v1_13_a/data
  -
C:\Xilinx\14.7\ISE_DS\EDK\sw\lib\pcores/fmc_imageon_vita_receiver_v1_13_a/data
  -
C:\Xilinx\14.7\ISE_DS\EDK\sw\XilinxProcessorIPLib\drivers/fmc_imageon_vita_recei
ver_v1_13_a/data
  -
C:\Xilinx\14.7\ISE_DS\EDK\sw\XilinxProcessorIPLib\pcores/fmc_imageon_vita_receiv
er_v1_13_a/data
  -
C:\Xilinx\14.7\ISE_DS\EDK\sw\ThirdParty\drivers/fmc_imageon_vita_receiver_v1_13_
a/data
  -
C:\Xilinx\14.7\ISE_DS\EDK\sw\ThirdParty\pcores/fmc_imageon_vita_receiver_v1_13_a
/data
INFO:EDK:772 - Check the following for possible causes of not finding MDD:
  - If DRIVER_VER is specified in MSS, it must follow literal form X.YY.Z
  - There is no driver with given name
  - Driver exists but not that version
  - Driver and version (directory) exist but no MDD is available

ERROR:EDK:3325 - C:\temp\cpre488mp2\sw\system_bsp\system.mss line 184 - Cannot
   find MLD file fmc_iic_sw_v2_1_0.mld for the library fmc_iic_sw 2.03.a
INFO:EDK:1040 - Directories Searched :
  - C:\temp\cpre488mp2\sw\system_bsp\/sw_services/fmc_iic_sw_v2_03_a/data
  - C:\cpre488mp2\repository\ProcessorIPLib\/sw_services/fmc_iic_sw_v2_03_a/data
  -
\\my.files.iastate.edu\Users\burneykb\Documents\cpre488mp2\repository\ProcessorI
PLib\/sw_services/fmc_iic_sw_v2_03_a/data
  - C:\Xilinx\14.7\ISE_DS\EDK\sw\lib\/sw_services/fmc_iic_sw_v2_03_a/data
  -
C:\Xilinx\14.7\ISE_DS\EDK\sw\XilinxProcessorIPLib\/sw_services/fmc_iic_sw_v2_03_
a/data
  - C:\Xilinx\14.7\ISE_DS\EDK\sw\ThirdParty\/sw_services/fmc_iic_sw_v2_03_a/data
ERROR:EDK:3325 - C:\temp\cpre488mp2\sw\system_bsp\system.mss line 190 - Cannot
   find MLD file fmc_imageon_sw_v2_1_0.mld for the library fmc_imageon_sw 1.06.a
INFO:EDK:1040 - Directories Searched :
  - C:\temp\cpre488mp2\sw\system_bsp\/sw_services/fmc_imageon_sw_v1_06_a/data
  -
C:\cpre488mp2\repository\ProcessorIPLib\/sw_services/fmc_imageon_sw_v1_06_a/data
  -
\\my.files.iastate.edu\Users\burneykb\Documents\cpre488mp2\repository\ProcessorI
PLib\/sw_services/fmc_imageon_sw_v1_06_a/data
  - C:\Xilinx\14.7\ISE_DS\EDK\sw\lib\/sw_services/fmc_imageon_sw_v1_06_a/data
  -
C:\Xilinx\14.7\ISE_DS\EDK\sw\XilinxProcessorIPLib\/sw_services/fmc_imageon_sw_v1
_06_a/data
  -
C:\Xilinx\14.7\ISE_DS\EDK\sw\ThirdParty\/sw_services/fmc_imageon_sw_v1_06_a/data
ERROR:EDK:3325 - C:\temp\cpre488mp2\sw\system_bsp\system.mss line 196 - Cannot
   find MLD file fmc_ipmi_sw_v2_1_0.mld for the library fmc_ipmi_sw 2.02.a
INFO:EDK:1040 - Directories Searched :
  - C:\temp\cpre488mp2\sw\system_bsp\/sw_services/fmc_ipmi_sw_v2_02_a/data
  -
C:\cpre488mp2\repository\ProcessorIPLib\/sw_services/fmc_ipmi_sw_v2_02_a/data
  -
\\my.files.iastate.edu\Users\burneykb\Documents\cpre488mp2\repository\ProcessorI
PLib\/sw_services/fmc_ipmi_sw_v2_02_a/data
  - C:\Xilinx\14.7\ISE_DS\EDK\sw\lib\/sw_services/fmc_ipmi_sw_v2_02_a/data
  -
C:\Xilinx\14.7\ISE_DS\EDK\sw\XilinxProcessorIPLib\/sw_services/fmc_ipmi_sw_v2_02
_a/data
  -
C:\Xilinx\14.7\ISE_DS\EDK\sw\ThirdParty\/sw_services/fmc_ipmi_sw_v2_02_a/data
INFO:EDK:773 - Check the following for possible causes of not finding MLD:
  - If LIBRARY_VER is specified in MSS, it must follow literal form X.YY.Z
  - There is no library with given name
  - Library exists but not that version
  - Library and version (directory) exist but no MLD is available

ERROR:EDK:1204 - Errors occured while creating Software System.
make: *** [ps7_cortexa9_0/lib/libxil.a] Error 2
make: Target `all' not remade because of errors.

14:01:49 Build Finished (took 1s.140ms)

